$ storybook build --output-dir dist

[90m┌[39m  Building storybook v10.2.19
[90m│[39m
[32m◇[39m  Cleaning outputDir: [36mdist[39m
[90m│[39m
[32m◇[39m  Loading presets
[90m│[39m
[32m◇[39m  Building manager..
[90m│[39m
[34m●[39m  Building preview..
[90m│[39m  [43mVite[49m [36mvite v7.3.1 [32mbuilding client environment for production...[36m[39m
[90m│[39m  [43mVite[49m transforming...
[90m│[39m  [43mVite[49m [32m✓[39m 1525 modules transformed.
[90m│[39m  [43mVite[49m rendering chunks...
[90m│[39m  [43mVite[49m computing gzip size...
[90m│[39m  [43mVite[49m [2mdist/[22m[32miframe.html                                     [39m[1m[2m   19.24 kB[22m[1m[22m[2m[22m
[90m│[39m  [2m│ gzip:   5.45 kB[22m
[90m│[39m  [43mVite[49m [2mdist/[22m[35massets/workspace-ui-MIJQJO0S.css                [39m[1m[2m  193.11 kB[22m[1m[22m[2m[22m
[90m│[39m  [2m│ gzip:  20.61 kB[22m
[90m│[39m  [43mVite[49m [2mdist/[22m[36massets/description.stories-DPl1HrfA.js          [39m[1m[2m    1.37 kB[22m[1m[22m[2m[22m
[90m│[39m  [2m│ gzip:   0.56 kB[22m
[90m│[39m  [43mVite[49m [2mdist/[22m[36massets/error-message.stories-hsrEYe7P.js        [39m[1m[2m    1.39 kB[22m[1m[22m[2m[22m
[90m│[39m  [2m│ gzip:   0.59 kB[22m
[90m│[39m  [43mVite[49m [2mdist/[22m[36massets/combo-box.stories-BisZW6hC.js            [39m[1m[2m    1.51 kB[22m[1m[22m[2m[22m
[90m│[39m  [2m│ gzip:   0.65 kB[22m
[90m│[39m  [43mVite[49m [2mdist/[22m[36massets/field-error.stories-uXW0pHp_.js          [39m[1m[2m    1.67 kB[22m[1m[22m[2m[22m
[90m│[39m  [2m│ gzip:   0.62 kB[22m
[90m│[39m  [43mVite[49m [2mdist/[22m[36massets/menu-section.stories-B_92tsaB.js         [39m[1m[2m    1.67 kB[22m[1m[22m[2m[22m
[90m│[39m  [2m│ gzip:   0.63 kB[22m
[90m│[39m  [43mVite[49m [2mdist/[22m[36massets/separator.stories-DPhITxME.js            [39m[1m[2m    2.15 kB[22m[1m[22m[2m[22m
[90m│[39m  [2m│ gzip:   0.69 kB[22m
[90m│[39m  [43mVite[49m [2mdist/[22m[36massets/fieldset.stories-D_OTbw3L.js             [39m[1m[2m    2.18 kB[22m[1m[22m[2m[22m
[90m│[39m  [2m│ gzip:   0.69 kB[22m
[90m│[39m  [43mVite[49m [2mdist/[22m[36massets/textarea.stories-_S2vohSf.js             [39m[1m[2m    2.20 kB[22m[1m[22m[2m[22m
[90m│[39m  [2m│ gzip:   0.76 kB[22m
[90m│[39m  [43mVite[49m [2mdist/[22m[36massets/skeleton.stories-B52wXWdd.js             [39m[1m[2m    2.25 kB[22m[1m[22m[2m[22m
[90m│[39m  [2m│ gzip:   0.65 kB[22m
[90m│[39m  [43mVite[49m [2mdist/[22m[36massets/popover.stories-eTL8cng4.js              [39m[1m[2m    2.30 kB[22m[1m[22m[2m[22m
[90m│[39m  [2m│ gzip:   0.72 kB[22m
[90m│[39m  [43mVite[49m [2mdist/[22m[36massets/search-field.stories-B5VBbbbD.js         [39m[1m[2m    2.34 kB[22m[1m[22m[2m[22m
[90m│[39m  [2m│ gzip:   0.64 kB[22m
[90m│[39m  [43mVite[49m [2mdist/[22m[36massets/spinner.stories-DvFQwHag.js              [39m[1m[2m    2.41 kB[22m[1m[22m[2m[22m
[90m│[39m  [2m│ gzip:   0.76 kB[22m
[90m│[39m  [43mVite[49m [2mdist/[22m[36massets/list-box.stories-gtIaEDoa.js             [39m[1m[2m    2.43 kB[22m[1m[22m[2m[22m
[90m│[39m  [2m│ gzip:   0.66 kB[22m
[90m│[39m  [43mVite[49m [2mdist/[22m[36massets/label.stories-CjT6bHh8.js                [39m[1m[2m    2.47 kB[22m[1m[22m[2m[22m
[90m│[39m  [2m│ gzip:   0.74 kB[22m
[90m│[39m  [43mVite[49m [2mdist/[22m[36massets/scroll-shadow.stories-TnDtJ_aa.js        [39m[1m[2m    2.48 kB[22m[1m[22m[2m[22m
[90m│[39m  [2m│ gzip:   0.71 kB[22m
[90m│[39m  [43mVite[49m [2mdist/[22m[36massets/input-group.stories-DDkiPnwc.js          [39m[1m[2m    2.53 kB[22m[1m[22m[2m[22m
[90m│[39m  [2m│ gzip:   0.73 kB[22m
[90m│[39m  [43mVite[49m [2mdist/[22m[36massets/tag-group.stories-BfcJcJ8t.js            [39m[1m[2m    2.65 kB[22m[1m[22m[2m[22m
[90m│[39m  [2m│ gzip:   0.73 kB[22m
[90m│[39m  [43mVite[49m [2mdist/[22m[36massets/link.stories-CG_0o99w.js                 [39m[1m[2m    2.71 kB[22m[1m[22m[2m[22m
[90m│[39m  [2m│ gzip:   0.85 kB[22m
[90m│[39m  [43mVite[49m [2mdist/[22m[36massets/toggle-button-group.stories-mf7aokMU.js  [39m[1m[2m    2.72 kB[22m[1m[22m[2m[22m
[90m│[39m  [2m│ gzip:   0.80 kB[22m
[90m│[39m  [43mVite[49m [2mdist/[22m[36massets/radio-group.stories-BIDNkJHV.js          [39m[1m[2m    2.80 kB[22m[1m[22m[2m[22m
[90m│[39m  [2m│ gzip:   0.76 kB[22m
[90m│[39m  [43mVite[49m [2mdist/[22m[36massets/close-button.stories-MlJB-IZR.js         [39m[1m[2m    2.85 kB[22m[1m[22m[2m[22m
[90m│[39m  [2m│ gzip:   0.80 kB[22m
[90m│[39m  [43mVite[49m [2mdist/[22m[36massets/input.stories-BaN_WwkG.js                [39m[1m[2m    2.92 kB[22m[1m[22m[2m[22m
[90m│[39m  [2m│ gzip:   0.86 kB[22m
[90m│[39m  [43mVite[49m [2mdist/[22m[36massets/toggle-button.stories-B8_gJ4fx.js        [39m[1m[2m    2.97 kB[22m[1m[22m[2m[22m
[90m│[39m  [2m│ gzip:   0.84 kB[22m
[90m│[39m  [43mVite[49m [2mdist/[22m[36massets/meter.stories-CfidSY1T.js                [39m[1m[2m    3.04 kB[22m[1m[22m[2m[22m
[90m│[39m  [2m│ gzip:   0.78 kB[22m
[90m│[39m  [43mVite[49m [2mdist/[22m[36massets/surface.stories-DEBNATcB.js              [39m[1m[2m    3.10 kB[22m[1m[22m[2m[22m
[90m│[39m  [2m│ gzip:   0.96 kB[22m
[90m│[39m  [43mVite[49m [2mdist/[22m[36massets/tag.stories-CRsoOdsG.js                  [39m[1m[2m    3.21 kB[22m[1m[22m[2m[22m
[90m│[39m  [2m│ gzip:   0.90 kB[22m
[90m│[39m  [43mVite[49m [2mdist/[22m[36massets/select.stories-7itBVKXE.js               [39m[1m[2m    3.21 kB[22m[1m[22m[2m[22m
[90m│[39m  [2m│ gzip:   0.77 kB[22m
[90m│[39m  [43mVite[49m [2mdist/[22m[36massets/autocomplete.stories-Bpe-lLlE.js         [39m[1m[2m    3.38 kB[22m[1m[22m[2m[22m
[90m│[39m  [2m│ gzip:   0.89 kB[22m
[90m│[39m  [43mVite[49m [2mdist/[22m[36massets/menu-item.stories-D80QjKWg.js            [39m[1m[2m    3.39 kB[22m[1m[22m[2m[22m
[90m│[39m  [2m│ gzip:   0.81 kB[22m
[90m│[39m  [43mVite[49m [2mdist/[22m[36massets/dropdown.stories-BxiaGfqd.js             [39m[1m[2m    3.42 kB[22m[1m[22m[2m[22m
[90m│[39m  [2m│ gzip:   0.80 kB[22m
[90m│[39m  [43mVite[49m [2mdist/[22m[36massets/form.stories-Wj8YJ6Jl.js                 [39m[1m[2m    3.44 kB[22m[1m[22m[2m[22m
[90m│[39m  [2m│ gzip:   0.95 kB[22m
[90m│[39m  [43mVite[49m [2mdist/[22m[36massets/button-group.stories-DEZQjd-n.js         [39m[1m[2m    3.76 kB[22m[1m[22m[2m[22m
[90m│[39m  [2m│ gzip:   0.87 kB[22m
[90m│[39m  [43mVite[49m [2mdist/[22m[36massets/toast.stories-CV1RLfNA.js                [39m[1m[2m    3.81 kB[22m[1m[22m[2m[22m
[90m│[39m  [2m│ gzip:   1.04 kB[22m
[90m│[39m  [43mVite[49m [2mdist/[22m[36massets/progress-bar.stories-CFzoU4bF.js         [39m[1m[2m    3.83 kB[22m[1m[22m[2m[22m
[90m│[39m  [2m│ gzip:   0.86 kB[22m
[90m│[39m  [43mVite[49m [2mdist/[22m[36massets/text-field.stories-B8zXdwe_.js           [39m[1m[2m    3.96 kB[22m[1m[22m[2m[22m
[90m│[39m  [2m│ gzip:   1.02 kB[22m
[90m│[39m  [43mVite[49m [2mdist/[22m[36massets/chip.stories-DxgG6f1c.js                 [39m[1m[2m    3.98 kB[22m[1m[22m[2m[22m
[90m│[39m  [2m│ gzip:   1.07 kB[22m
[90m│[39m  [43mVite[49m [2mdist/[22m[36massets/button.stories-CcoZD9aM.js               [39m[1m[2m    4.17 kB[22m[1m[22m[2m[22m
[90m│[39m  [2m│ gzip:   1.19 kB[22m
[90m│[39m  [43mVite[49m [2mdist/[22m[36massets/tooltip.stories-DQpqAsgs.js              [39m[1m[2m    4.26 kB[22m[1m[22m[2m[22m
[90m│[39m  [2m│ gzip:   1.04 kB[22m
[90m│[39m  [43mVite[49m [2mdist/[22m[36massets/toolbar.stories-BC97AqOK.js              [39m[1m[2m    4.28 kB[22m[1m[22m[2m[22m
[90m│[39m  [2m│ gzip:   0.93 kB[22m
[90m│[39m  [43mVite[49m [2mdist/[22m[36massets/switch.stories-BJhP0zGp.js               [39m[1m[2m    4.49 kB[22m[1m[22m[2m[22m
[90m│[39m  [2m│ gzip:   0.98 kB[22m
[90m│[39m  [43mVite[49m [2mdist/[22m[36massets/alert-dialog.stories-DqCqctLO.js         [39m[1m[2m    4.56 kB[22m[1m[22m[2m[22m
[90m│[39m  [2m│ gzip:   1.06 kB[22m
[90m│[39m  [43mVite[49m [2mdist/[22m[36massets/checkbox.stories-iiWxXcH9.js             [39m[1m[2m    4.73 kB[22m[1m[22m[2m[22m
[90m│[39m  [2m│ gzip:   1.04 kB[22m
[90m│[39m  [43mVite[49m [2mdist/[22m[36massets/avatar.stories-BCLwd-AT.js               [39m[1m[2m    5.24 kB[22m[1m[22m[2m[22m
[90m│[39m  [2m│ gzip:   1.17 kB[22m
[90m│[39m  [43mVite[49m [2mdist/[22m[36massets/tabs.stories-DByzJo4-.js                 [39m[1m[2m    5.41 kB[22m[1m[22m[2m[22m
[90m│[39m  [2m│ gzip:   1.14 kB[22m
[90m│[39m  [43mVite[49m [2mdist/[22m[36massets/badge.stories-BrnfyPhR.js                [39m[1m[2m    5.50 kB[22m[1m[22m[2m[22m
[90m│[39m  [2m│ gzip:   0.98 kB[22m
[90m│[39m  [43mVite[49m [2mdist/[22m[36massets/checkbox-group.stories-CgBm8y5L.js       [39m[1m[2m    5.54 kB[22m[1m[22m[2m[22m
[90m│[39m  [2m│ gzip:   0.86 kB[22m
[90m│[39m  [43mVite[49m [2mdist/[22m[36massets/modal.stories-D9SuuXMI.js                [39m[1m[2m    5.83 kB[22m[1m[22m[2m[22m
[90m│[39m  [2m│ gzip:   1.41 kB[22m
[90m│[39m  [43mVite[49m [2mdist/[22m[36massets/card.stories-D_kVA23d.js                 [39m[1m[2m    6.16 kB[22m[1m[22m[2m[22m
[90m│[39m  [2m│ gzip:   1.18 kB[22m
[90m│[39m  [43mVite[49m [2mdist/[22m[36massets/alert.stories-BLhSVP19.js                [39m[1m[2m    6.51 kB[22m[1m[22m[2m[22m
[90m│[39m  [2m│ gzip:   1.14 kB[22m
[90m│[39m  [43mVite[49m [2mdist/[22m[36massets/iframe-BB3lDFlS.js                       [39m[1m[2m   12.82 kB[22m[1m[22m[2m[22m
[90m│[39m  [2m│ gzip:   3.04 kB[22m
[90m│[39m  [43mVite[49m [2mdist/[22m[36massets/ui-deps-vendor-B07DG_gq.js               [39m[1m[2m   37.57 kB[22m[1m[22m[2m[22m
[90m│[39m  [2m│ gzip:  12.62 kB[22m
[90m│[39m  [43mVite[49m [2mdist/[22m[36massets/workspace-ui-DqCLDdYV.js                 [39m[1m[2m   94.44 kB[22m[1m[22m[2m[22m
[90m│[39m  [2m│ gzip:  19.51 kB[22m
[90m│[39m  [43mVite[49m [2mdist/[22m[36massets/react-vendor-Bc1Bq4uF.js                 [39m[1m[2m  192.94 kB[22m[1m[22m[2m[22m
[90m│[39m  [2m│ gzip:  60.52 kB[22m
[90m│[39m  [43mVite[49m [2mdist/[22m[36massets/react-aria-vendor-BTO4ZuEv.js            [39m[1m[2m  338.60 kB[22m[1m[22m[2m[22m
[90m│[39m  [2m│ gzip: 100.88 kB[22m
[90m│[39m  [43mVite[49m [2mdist/[22m[36massets/a11y-vendor-CR9jXpa5.js                  [39m[1m[2m  579.70 kB[22m[1m[22m[2m[22m
[90m│[39m  [2m│ gzip: 159.60 kB[22m
[90m│[39m  [43mVite[49m [2mdist/[22m[36mvite-inject-mocker-entry.js                     [39m[1m[2m1,170.47 kB[22m[1m[22m[2m[22m
[90m│[39m  [2m│ gzip: 336.85 kB[22m
[90m│[39m  [43mVite[49m [32m✓ built in 12.04s[39m
[90m│[39m
[32m◇[39m  Output directory:
[90m│[39m  D:/Code/Github/writing-app/writing-app/apps/storybook/dist
[90m│[39m
[90m└[39m  Storybook build completed successfully

